<?xml version="1.0" encoding="UTF-8"?>
<coverage generated="1661886053033" clover="3.2.0">
  <project timestamp="1661886053033" name="All files">
    <metrics statements="35" coveredstatements="35" conditionals="7" coveredconditionals="7" methods="4" coveredmethods="4" elements="46" coveredelements="46" complexity="0" loc="35" ncloc="35" packages="2" files="3" classes="3"/>
    <package name="helpers">
      <metrics statements="20" coveredstatements="20" conditionals="3" coveredconditionals="3" methods="3" coveredmethods="3"/>
      <file name="http-response.js" path="C:\Users\mathe\Desktop\praticas\Pessoal\clean-node-api\src\presentation\helpers\http-response.js">
        <metrics statements="14" coveredstatements="14" conditionals="2" coveredconditionals="2" methods="2" coveredmethods="2"/>
        <line num="1" count="1" type="stmt"/>
        <line num="2" count="1" type="stmt"/>
        <line num="3" count="1" type="cond" truecount="1" falsecount="0"/>
        <line num="4" count="2" type="stmt"/>
        <line num="5" count="2" type="stmt"/>
        <line num="6" count="2" type="stmt"/>
        <line num="7" count="2" type="stmt"/>
        <line num="8" count="2" type="stmt"/>
        <line num="9" count="1" type="cond" truecount="1" falsecount="0"/>
        <line num="10" count="2" type="stmt"/>
        <line num="11" count="2" type="stmt"/>
        <line num="12" count="2" type="stmt"/>
        <line num="13" count="2" type="stmt"/>
        <line num="14" count="1" type="stmt"/>
      </file>
      <file name="missing-param-error.js" path="C:\Users\mathe\Desktop\praticas\Pessoal\clean-node-api\src\presentation\helpers\missing-param-error.js">
        <metrics statements="6" coveredstatements="6" conditionals="1" coveredconditionals="1" methods="1" coveredmethods="1"/>
        <line num="1" count="1" type="stmt"/>
        <line num="2" count="1" type="cond" truecount="1" falsecount="0"/>
        <line num="3" count="4" type="stmt"/>
        <line num="4" count="4" type="stmt"/>
        <line num="5" count="4" type="stmt"/>
        <line num="6" count="1" type="stmt"/>
      </file>
    </package>
    <package name="routers">
      <metrics statements="15" coveredstatements="15" conditionals="4" coveredconditionals="4" methods="1" coveredmethods="1"/>
      <file name="login-router.js" path="C:\Users\mathe\Desktop\praticas\Pessoal\clean-node-api\src\presentation\routers\login-router.js">
        <metrics statements="15" coveredstatements="15" conditionals="4" coveredconditionals="4" methods="1" coveredmethods="1"/>
        <line num="1" count="1" type="stmt"/>
        <line num="2" count="1" type="stmt"/>
        <line num="3" count="1" type="cond" truecount="1" falsecount="0"/>
        <line num="4" count="4" type="cond" truecount="2" falsecount="0"/>
        <line num="5" count="2" type="stmt"/>
        <line num="6" count="2" type="stmt"/>
        <line num="7" count="2" type="stmt"/>
        <line num="8" count="4" type="cond" truecount="1" falsecount="0"/>
        <line num="9" count="1" type="stmt"/>
        <line num="10" count="1" type="stmt"/>
        <line num="11" count="1" type="stmt"/>
        <line num="12" count="1" type="stmt"/>
        <line num="13" count="1" type="stmt"/>
        <line num="14" count="4" type="stmt"/>
        <line num="15" count="1" type="stmt"/>
      </file>
    </package>
  </project>
</coverage>
