{"C:\\Users\\mathe\\Desktop\\praticas\\Pessoal\\clean-node-api\\src\\presentation\\helpers\\http-response.js": {"path":"C:\\Users\\mathe\\Desktop\\praticas\\Pessoal\\clean-node-api\\src\\presentation\\helpers\\http-response.js","all":false,"statementMap":{"0":{"start":{"line":1,"column":0},"end":{"line":1,"column":59}},"1":{"start":{"line":2,"column":0},"end":{"line":2,"column":58}},"2":{"start":{"line":3,"column":0},"end":{"line":3,"column":37}},"3":{"start":{"line":4,"column":0},"end":{"line":4,"column":31}},"4":{"start":{"line":5,"column":0},"end":{"line":5,"column":10}},"5":{"start":{"line":6,"column":0},"end":{"line":6,"column":19}},"6":{"start":{"line":7,"column":0},"end":{"line":7,"column":42}},"7":{"start":{"line":8,"column":0},"end":{"line":8,"column":4}},"8":{"start":{"line":9,"column":0},"end":{"line":9,"column":2}},"9":{"start":{"line":10,"column":0},"end":{"line":10,"column":23}},"10":{"start":{"line":11,"column":0},"end":{"line":11,"column":10}},"11":{"start":{"line":12,"column":0},"end":{"line":12,"column":19}},"12":{"start":{"line":13,"column":0},"end":{"line":13,"column":4}},"13":{"start":{"line":14,"column":0},"end":{"line":14,"column":2}},"14":{"start":{"line":15,"column":0},"end":{"line":15,"column":29}},"15":{"start":{"line":16,"column":0},"end":{"line":16,"column":10}},"16":{"start":{"line":17,"column":0},"end":{"line":17,"column":19}},"17":{"start":{"line":18,"column":0},"end":{"line":18,"column":33}},"18":{"start":{"line":19,"column":0},"end":{"line":19,"column":4}},"19":{"start":{"line":20,"column":0},"end":{"line":20,"column":2}},"20":{"start":{"line":21,"column":0},"end":{"line":21,"column":25}},"21":{"start":{"line":22,"column":0},"end":{"line":22,"column":10}},"22":{"start":{"line":23,"column":0},"end":{"line":23,"column":19}},"23":{"start":{"line":24,"column":0},"end":{"line":24,"column":21}},"24":{"start":{"line":25,"column":0},"end":{"line":25,"column":4}},"25":{"start":{"line":26,"column":0},"end":{"line":26,"column":2}},"26":{"start":{"line":27,"column":0},"end":{"line":27,"column":2}}},"s":{"0":1,"1":1,"2":1,"3":1,"4":2,"5":2,"6":2,"7":2,"8":2,"9":1,"10":4,"11":4,"12":4,"13":4,"14":1,"15":1,"16":1,"17":1,"18":1,"19":1,"20":1,"21":2,"22":2,"23":2,"24":2,"25":2,"26":1},"branchMap":{"0":{"type":"branch","line":4,"loc":{"start":{"line":4,"column":8},"end":{"line":9,"column":2}},"locations":[{"start":{"line":4,"column":8},"end":{"line":9,"column":2}}]},"1":{"type":"branch","line":10,"loc":{"start":{"line":10,"column":8},"end":{"line":14,"column":2}},"locations":[{"start":{"line":10,"column":8},"end":{"line":14,"column":2}}]},"2":{"type":"branch","line":15,"loc":{"start":{"line":15,"column":8},"end":{"line":20,"column":2}},"locations":[{"start":{"line":15,"column":8},"end":{"line":20,"column":2}}]},"3":{"type":"branch","line":21,"loc":{"start":{"line":21,"column":8},"end":{"line":26,"column":2}},"locations":[{"start":{"line":21,"column":8},"end":{"line":26,"column":2}}]}},"b":{"0":[2],"1":[4],"2":[1],"3":[2]},"fnMap":{"0":{"name":"badRequest","decl":{"start":{"line":4,"column":8},"end":{"line":9,"column":2}},"loc":{"start":{"line":4,"column":8},"end":{"line":9,"column":2}},"line":4},"1":{"name":"serverError","decl":{"start":{"line":10,"column":8},"end":{"line":14,"column":2}},"loc":{"start":{"line":10,"column":8},"end":{"line":14,"column":2}},"line":10},"2":{"name":"unauthorizedError","decl":{"start":{"line":15,"column":8},"end":{"line":20,"column":2}},"loc":{"start":{"line":15,"column":8},"end":{"line":20,"column":2}},"line":15},"3":{"name":"ok","decl":{"start":{"line":21,"column":8},"end":{"line":26,"column":2}},"loc":{"start":{"line":21,"column":8},"end":{"line":26,"column":2}},"line":21}},"f":{"0":2,"1":4,"2":1,"3":2}}
,"C:\\Users\\mathe\\Desktop\\praticas\\Pessoal\\clean-node-api\\src\\presentation\\helpers\\missing-param-error.js": {"path":"C:\\Users\\mathe\\Desktop\\praticas\\Pessoal\\clean-node-api\\src\\presentation\\helpers\\missing-param-error.js","all":false,"statementMap":{"0":{"start":{"line":1,"column":0},"end":{"line":1,"column":56}},"1":{"start":{"line":2,"column":0},"end":{"line":2,"column":25}},"2":{"start":{"line":3,"column":0},"end":{"line":3,"column":39}},"3":{"start":{"line":4,"column":0},"end":{"line":4,"column":34}},"4":{"start":{"line":5,"column":0},"end":{"line":5,"column":2}},"5":{"start":{"line":6,"column":0},"end":{"line":6,"column":2}}},"s":{"0":1,"1":1,"2":4,"3":4,"4":4,"5":1},"branchMap":{"0":{"type":"branch","line":2,"loc":{"start":{"line":2,"column":1},"end":{"line":5,"column":2}},"locations":[{"start":{"line":2,"column":1},"end":{"line":5,"column":2}}]}},"b":{"0":[4]},"fnMap":{"0":{"name":"MissingParamError","decl":{"start":{"line":2,"column":1},"end":{"line":5,"column":2}},"loc":{"start":{"line":2,"column":1},"end":{"line":5,"column":2}},"line":2}},"f":{"0":4}}
,"C:\\Users\\mathe\\Desktop\\praticas\\Pessoal\\clean-node-api\\src\\presentation\\helpers\\unauthorized-error.js": {"path":"C:\\Users\\mathe\\Desktop\\praticas\\Pessoal\\clean-node-api\\src\\presentation\\helpers\\unauthorized-error.js","all":false,"statementMap":{"0":{"start":{"line":1,"column":0},"end":{"line":1,"column":56}},"1":{"start":{"line":2,"column":0},"end":{"line":2,"column":16}},"2":{"start":{"line":3,"column":0},"end":{"line":3,"column":25}},"3":{"start":{"line":4,"column":0},"end":{"line":4,"column":34}},"4":{"start":{"line":5,"column":0},"end":{"line":5,"column":2}},"5":{"start":{"line":6,"column":0},"end":{"line":6,"column":2}}},"s":{"0":1,"1":1,"2":2,"3":2,"4":2,"5":1},"branchMap":{"0":{"type":"branch","line":2,"loc":{"start":{"line":2,"column":1},"end":{"line":5,"column":2}},"locations":[{"start":{"line":2,"column":1},"end":{"line":5,"column":2}}]}},"b":{"0":[2]},"fnMap":{"0":{"name":"UnauthorizedError","decl":{"start":{"line":2,"column":1},"end":{"line":5,"column":2}},"loc":{"start":{"line":2,"column":1},"end":{"line":5,"column":2}},"line":2}},"f":{"0":2}}
,"C:\\Users\\mathe\\Desktop\\praticas\\Pessoal\\clean-node-api\\src\\presentation\\routers\\login-router.js": {"path":"C:\\Users\\mathe\\Desktop\\praticas\\Pessoal\\clean-node-api\\src\\presentation\\routers\\login-router.js","all":false,"statementMap":{"0":{"start":{"line":1,"column":0},"end":{"line":1,"column":57}},"1":{"start":{"line":2,"column":0},"end":{"line":2,"column":36}},"2":{"start":{"line":3,"column":0},"end":{"line":3,"column":27}},"3":{"start":{"line":4,"column":0},"end":{"line":4,"column":33}},"4":{"start":{"line":5,"column":0},"end":{"line":5,"column":2}},"5":{"start":{"line":6,"column":0},"end":{"line":6,"column":21}},"6":{"start":{"line":7,"column":0},"end":{"line":7,"column":6}},"7":{"start":{"line":8,"column":0},"end":{"line":8,"column":18}},"8":{"start":{"line":9,"column":0},"end":{"line":9,"column":23}},"9":{"start":{"line":10,"column":0},"end":{"line":10,"column":23}},"10":{"start":{"line":11,"column":0},"end":{"line":11,"column":25}},"11":{"start":{"line":12,"column":0},"end":{"line":12,"column":5}},"12":{"start":{"line":13,"column":0},"end":{"line":13,"column":37}},"13":{"start":{"line":14,"column":0},"end":{"line":14,"column":3}},"14":{"start":{"line":15,"column":0},"end":{"line":15,"column":47}},"15":{"start":{"line":16,"column":0},"end":{"line":16,"column":15}},"16":{"start":{"line":17,"column":0},"end":{"line":17,"column":43}},"17":{"start":{"line":18,"column":0},"end":{"line":18,"column":3}},"18":{"start":{"line":19,"column":0},"end":{"line":19,"column":18}},"19":{"start":{"line":20,"column":0},"end":{"line":20,"column":46}},"20":{"start":{"line":21,"column":0},"end":{"line":21,"column":3}},"21":{"start":{"line":22,"column":0},"end":{"line":22,"column":61}},"22":{"start":{"line":23,"column":0},"end":{"line":23,"column":21}},"23":{"start":{"line":24,"column":0},"end":{"line":24,"column":43}},"24":{"start":{"line":25,"column":0},"end":{"line":25,"column":3}},"25":{"start":{"line":26,"column":0},"end":{"line":26,"column":42}},"26":{"start":{"line":27,"column":0},"end":{"line":27,"column":2}},"27":{"start":{"line":28,"column":0},"end":{"line":28,"column":2}}},"s":{"0":1,"1":1,"2":1,"3":9,"4":9,"5":1,"6":9,"7":9,"8":6,"9":6,"10":6,"11":9,"12":4,"13":4,"14":5,"15":9,"16":1,"17":1,"18":9,"19":1,"20":1,"21":3,"22":9,"23":1,"24":1,"25":2,"26":2,"27":1},"branchMap":{"0":{"type":"branch","line":3,"loc":{"start":{"line":3,"column":1},"end":{"line":5,"column":2}},"locations":[{"start":{"line":3,"column":1},"end":{"line":5,"column":2}}]},"1":{"type":"branch","line":6,"loc":{"start":{"line":6,"column":1},"end":{"line":27,"column":2}},"locations":[{"start":{"line":6,"column":1},"end":{"line":27,"column":2}}]},"2":{"type":"branch","line":8,"loc":{"start":{"line":8,"column":3},"end":{"line":9,"column":23}},"locations":[{"start":{"line":8,"column":3},"end":{"line":9,"column":23}}]},"3":{"type":"branch","line":8,"loc":{"start":{"line":8,"column":3},"end":{"line":10,"column":23}},"locations":[{"start":{"line":8,"column":3},"end":{"line":10,"column":23}}]},"4":{"type":"branch","line":8,"loc":{"start":{"line":8,"column":3},"end":{"line":11,"column":25}},"locations":[{"start":{"line":8,"column":3},"end":{"line":11,"column":25}}]},"5":{"type":"branch","line":12,"loc":{"start":{"line":12,"column":4},"end":{"line":14,"column":3}},"locations":[{"start":{"line":12,"column":4},"end":{"line":14,"column":3}}]},"6":{"type":"branch","line":15,"loc":{"start":{"line":15,"column":-2},"end":{"line":16,"column":6}},"locations":[{"start":{"line":15,"column":-2},"end":{"line":16,"column":6}}]},"7":{"type":"branch","line":16,"loc":{"start":{"line":16,"column":14},"end":{"line":18,"column":3}},"locations":[{"start":{"line":16,"column":14},"end":{"line":18,"column":3}}]},"8":{"type":"branch","line":19,"loc":{"start":{"line":19,"column":-2},"end":{"line":19,"column":6}},"locations":[{"start":{"line":19,"column":-2},"end":{"line":19,"column":6}}]},"9":{"type":"branch","line":19,"loc":{"start":{"line":19,"column":17},"end":{"line":21,"column":3}},"locations":[{"start":{"line":19,"column":17},"end":{"line":21,"column":3}}]},"10":{"type":"branch","line":22,"loc":{"start":{"line":22,"column":-2},"end":{"line":23,"column":6}},"locations":[{"start":{"line":22,"column":-2},"end":{"line":23,"column":6}}]},"11":{"type":"branch","line":23,"loc":{"start":{"line":23,"column":20},"end":{"line":25,"column":3}},"locations":[{"start":{"line":23,"column":20},"end":{"line":25,"column":3}}]},"12":{"type":"branch","line":26,"loc":{"start":{"line":26,"column":-2},"end":{"line":27,"column":2}},"locations":[{"start":{"line":26,"column":-2},"end":{"line":27,"column":2}}]}},"b":{"0":[9],"1":[9],"2":[8],"3":[7],"4":[6],"5":[4],"6":[5],"7":[1],"8":[4],"9":[1],"10":[3],"11":[1],"12":[2]},"fnMap":{"0":{"name":"LoginRouter","decl":{"start":{"line":3,"column":1},"end":{"line":5,"column":2}},"loc":{"start":{"line":3,"column":1},"end":{"line":5,"column":2}},"line":3},"1":{"name":"route","decl":{"start":{"line":6,"column":1},"end":{"line":27,"column":2}},"loc":{"start":{"line":6,"column":1},"end":{"line":27,"column":2}},"line":6}},"f":{"0":9,"1":9}}
}
