{"C:\\Users\\mathe\\Desktop\\praticas\\Pessoal\\clean-node-api\\src\\presentation\\helpers\\http-response.js": {"path":"C:\\Users\\mathe\\Desktop\\praticas\\Pessoal\\clean-node-api\\src\\presentation\\helpers\\http-response.js","all":false,"statementMap":{"0":{"start":{"line":1,"column":0},"end":{"line":1,"column":46}},"1":{"start":{"line":2,"column":0},"end":{"line":2,"column":58}},"2":{"start":{"line":3,"column":0},"end":{"line":3,"column":37}},"3":{"start":{"line":4,"column":0},"end":{"line":4,"column":27}},"4":{"start":{"line":5,"column":0},"end":{"line":5,"column":10}},"5":{"start":{"line":6,"column":0},"end":{"line":6,"column":19}},"6":{"start":{"line":7,"column":0},"end":{"line":7,"column":15}},"7":{"start":{"line":8,"column":0},"end":{"line":8,"column":4}},"8":{"start":{"line":9,"column":0},"end":{"line":9,"column":2}},"9":{"start":{"line":10,"column":0},"end":{"line":10,"column":23}},"10":{"start":{"line":11,"column":0},"end":{"line":11,"column":10}},"11":{"start":{"line":12,"column":0},"end":{"line":12,"column":19}},"12":{"start":{"line":13,"column":0},"end":{"line":13,"column":27}},"13":{"start":{"line":14,"column":0},"end":{"line":14,"column":4}},"14":{"start":{"line":15,"column":0},"end":{"line":15,"column":2}},"15":{"start":{"line":16,"column":0},"end":{"line":16,"column":29}},"16":{"start":{"line":17,"column":0},"end":{"line":17,"column":10}},"17":{"start":{"line":18,"column":0},"end":{"line":18,"column":19}},"18":{"start":{"line":19,"column":0},"end":{"line":19,"column":33}},"19":{"start":{"line":20,"column":0},"end":{"line":20,"column":4}},"20":{"start":{"line":21,"column":0},"end":{"line":21,"column":2}},"21":{"start":{"line":22,"column":0},"end":{"line":22,"column":25}},"22":{"start":{"line":23,"column":0},"end":{"line":23,"column":10}},"23":{"start":{"line":24,"column":0},"end":{"line":24,"column":19}},"24":{"start":{"line":25,"column":0},"end":{"line":25,"column":21}},"25":{"start":{"line":26,"column":0},"end":{"line":26,"column":4}},"26":{"start":{"line":27,"column":0},"end":{"line":27,"column":2}},"27":{"start":{"line":28,"column":0},"end":{"line":28,"column":2}}},"s":{"0":1,"1":1,"2":1,"3":1,"4":3,"5":3,"6":3,"7":3,"8":3,"9":1,"10":8,"11":8,"12":8,"13":8,"14":8,"15":1,"16":1,"17":1,"18":1,"19":1,"20":1,"21":1,"22":3,"23":3,"24":3,"25":3,"26":3,"27":1},"branchMap":{"0":{"type":"branch","line":4,"loc":{"start":{"line":4,"column":8},"end":{"line":9,"column":2}},"locations":[{"start":{"line":4,"column":8},"end":{"line":9,"column":2}}]},"1":{"type":"branch","line":10,"loc":{"start":{"line":10,"column":8},"end":{"line":15,"column":2}},"locations":[{"start":{"line":10,"column":8},"end":{"line":15,"column":2}}]},"2":{"type":"branch","line":16,"loc":{"start":{"line":16,"column":8},"end":{"line":21,"column":2}},"locations":[{"start":{"line":16,"column":8},"end":{"line":21,"column":2}}]},"3":{"type":"branch","line":22,"loc":{"start":{"line":22,"column":8},"end":{"line":27,"column":2}},"locations":[{"start":{"line":22,"column":8},"end":{"line":27,"column":2}}]}},"b":{"0":[3],"1":[8],"2":[1],"3":[3]},"fnMap":{"0":{"name":"badRequest","decl":{"start":{"line":4,"column":8},"end":{"line":9,"column":2}},"loc":{"start":{"line":4,"column":8},"end":{"line":9,"column":2}},"line":4},"1":{"name":"serverError","decl":{"start":{"line":10,"column":8},"end":{"line":15,"column":2}},"loc":{"start":{"line":10,"column":8},"end":{"line":15,"column":2}},"line":10},"2":{"name":"unauthorizedError","decl":{"start":{"line":16,"column":8},"end":{"line":21,"column":2}},"loc":{"start":{"line":16,"column":8},"end":{"line":21,"column":2}},"line":16},"3":{"name":"ok","decl":{"start":{"line":22,"column":8},"end":{"line":27,"column":2}},"loc":{"start":{"line":22,"column":8},"end":{"line":27,"column":2}},"line":22}},"f":{"0":3,"1":8,"2":1,"3":3}}
,"C:\\Users\\mathe\\Desktop\\praticas\\Pessoal\\clean-node-api\\src\\presentation\\helpers\\invalid-param-error.js": {"path":"C:\\Users\\mathe\\Desktop\\praticas\\Pessoal\\clean-node-api\\src\\presentation\\helpers\\invalid-param-error.js","all":false,"statementMap":{"0":{"start":{"line":1,"column":0},"end":{"line":1,"column":56}},"1":{"start":{"line":2,"column":0},"end":{"line":2,"column":25}},"2":{"start":{"line":3,"column":0},"end":{"line":3,"column":39}},"3":{"start":{"line":4,"column":0},"end":{"line":4,"column":34}},"4":{"start":{"line":5,"column":0},"end":{"line":5,"column":2}},"5":{"start":{"line":6,"column":0},"end":{"line":6,"column":2}}},"s":{"0":1,"1":1,"2":2,"3":2,"4":2,"5":1},"branchMap":{"0":{"type":"branch","line":2,"loc":{"start":{"line":2,"column":1},"end":{"line":5,"column":2}},"locations":[{"start":{"line":2,"column":1},"end":{"line":5,"column":2}}]}},"b":{"0":[2]},"fnMap":{"0":{"name":"InvalidParamError","decl":{"start":{"line":2,"column":1},"end":{"line":5,"column":2}},"loc":{"start":{"line":2,"column":1},"end":{"line":5,"column":2}},"line":2}},"f":{"0":2}}
,"C:\\Users\\mathe\\Desktop\\praticas\\Pessoal\\clean-node-api\\src\\presentation\\helpers\\missing-param-error.js": {"path":"C:\\Users\\mathe\\Desktop\\praticas\\Pessoal\\clean-node-api\\src\\presentation\\helpers\\missing-param-error.js","all":false,"statementMap":{"0":{"start":{"line":1,"column":0},"end":{"line":1,"column":56}},"1":{"start":{"line":2,"column":0},"end":{"line":2,"column":25}},"2":{"start":{"line":3,"column":0},"end":{"line":3,"column":39}},"3":{"start":{"line":4,"column":0},"end":{"line":4,"column":34}},"4":{"start":{"line":5,"column":0},"end":{"line":5,"column":2}},"5":{"start":{"line":6,"column":0},"end":{"line":6,"column":2}}},"s":{"0":1,"1":1,"2":4,"3":4,"4":4,"5":1},"branchMap":{"0":{"type":"branch","line":2,"loc":{"start":{"line":2,"column":1},"end":{"line":5,"column":2}},"locations":[{"start":{"line":2,"column":1},"end":{"line":5,"column":2}}]}},"b":{"0":[4]},"fnMap":{"0":{"name":"MissingParamError","decl":{"start":{"line":2,"column":1},"end":{"line":5,"column":2}},"loc":{"start":{"line":2,"column":1},"end":{"line":5,"column":2}},"line":2}},"f":{"0":4}}
,"C:\\Users\\mathe\\Desktop\\praticas\\Pessoal\\clean-node-api\\src\\presentation\\helpers\\server-error.js": {"path":"C:\\Users\\mathe\\Desktop\\praticas\\Pessoal\\clean-node-api\\src\\presentation\\helpers\\server-error.js","all":false,"statementMap":{"0":{"start":{"line":1,"column":0},"end":{"line":1,"column":50}},"1":{"start":{"line":2,"column":0},"end":{"line":2,"column":16}},"2":{"start":{"line":3,"column":0},"end":{"line":3,"column":27}},"3":{"start":{"line":4,"column":0},"end":{"line":4,"column":28}},"4":{"start":{"line":5,"column":0},"end":{"line":5,"column":2}},"5":{"start":{"line":6,"column":0},"end":{"line":6,"column":2}}},"s":{"0":1,"1":1,"2":14,"3":14,"4":14,"5":1},"branchMap":{"0":{"type":"branch","line":2,"loc":{"start":{"line":2,"column":1},"end":{"line":5,"column":2}},"locations":[{"start":{"line":2,"column":1},"end":{"line":5,"column":2}}]}},"b":{"0":[14]},"fnMap":{"0":{"name":"ServerError","decl":{"start":{"line":2,"column":1},"end":{"line":5,"column":2}},"loc":{"start":{"line":2,"column":1},"end":{"line":5,"column":2}},"line":2}},"f":{"0":14}}
,"C:\\Users\\mathe\\Desktop\\praticas\\Pessoal\\clean-node-api\\src\\presentation\\helpers\\unauthorized-error.js": {"path":"C:\\Users\\mathe\\Desktop\\praticas\\Pessoal\\clean-node-api\\src\\presentation\\helpers\\unauthorized-error.js","all":false,"statementMap":{"0":{"start":{"line":1,"column":0},"end":{"line":1,"column":56}},"1":{"start":{"line":2,"column":0},"end":{"line":2,"column":16}},"2":{"start":{"line":3,"column":0},"end":{"line":3,"column":25}},"3":{"start":{"line":4,"column":0},"end":{"line":4,"column":34}},"4":{"start":{"line":5,"column":0},"end":{"line":5,"column":2}},"5":{"start":{"line":6,"column":0},"end":{"line":6,"column":2}}},"s":{"0":1,"1":1,"2":2,"3":2,"4":2,"5":1},"branchMap":{"0":{"type":"branch","line":2,"loc":{"start":{"line":2,"column":1},"end":{"line":5,"column":2}},"locations":[{"start":{"line":2,"column":1},"end":{"line":5,"column":2}}]}},"b":{"0":[2]},"fnMap":{"0":{"name":"UnauthorizedError","decl":{"start":{"line":2,"column":1},"end":{"line":5,"column":2}},"loc":{"start":{"line":2,"column":1},"end":{"line":5,"column":2}},"line":2}},"f":{"0":2}}
,"C:\\Users\\mathe\\Desktop\\praticas\\Pessoal\\clean-node-api\\src\\presentation\\routers\\login-router.js": {"path":"C:\\Users\\mathe\\Desktop\\praticas\\Pessoal\\clean-node-api\\src\\presentation\\routers\\login-router.js","all":false,"statementMap":{"0":{"start":{"line":1,"column":0},"end":{"line":1,"column":57}},"1":{"start":{"line":2,"column":0},"end":{"line":2,"column":68}},"2":{"start":{"line":3,"column":0},"end":{"line":3,"column":68}},"3":{"start":{"line":4,"column":0},"end":{"line":4,"column":0}},"4":{"start":{"line":5,"column":0},"end":{"line":5,"column":36}},"5":{"start":{"line":6,"column":0},"end":{"line":6,"column":43}},"6":{"start":{"line":7,"column":0},"end":{"line":7,"column":33}},"7":{"start":{"line":8,"column":0},"end":{"line":8,"column":39}},"8":{"start":{"line":9,"column":0},"end":{"line":9,"column":2}},"9":{"start":{"line":10,"column":0},"end":{"line":10,"column":27}},"10":{"start":{"line":11,"column":0},"end":{"line":11,"column":7}},"11":{"start":{"line":12,"column":0},"end":{"line":12,"column":48}},"12":{"start":{"line":13,"column":0},"end":{"line":13,"column":16}},"13":{"start":{"line":14,"column":0},"end":{"line":14,"column":67}},"14":{"start":{"line":15,"column":0},"end":{"line":15,"column":4}},"15":{"start":{"line":16,"column":0},"end":{"line":16,"column":0}},"16":{"start":{"line":17,"column":0},"end":{"line":17,"column":45}},"17":{"start":{"line":18,"column":0},"end":{"line":18,"column":67}},"18":{"start":{"line":19,"column":0},"end":{"line":19,"column":4}},"19":{"start":{"line":20,"column":0},"end":{"line":20,"column":0}},"20":{"start":{"line":21,"column":0},"end":{"line":21,"column":19}},"21":{"start":{"line":22,"column":0},"end":{"line":22,"column":70}},"22":{"start":{"line":23,"column":0},"end":{"line":23,"column":4}},"23":{"start":{"line":24,"column":0},"end":{"line":24,"column":68}},"24":{"start":{"line":25,"column":0},"end":{"line":25,"column":22}},"25":{"start":{"line":26,"column":0},"end":{"line":26,"column":44}},"26":{"start":{"line":27,"column":0},"end":{"line":27,"column":4}},"27":{"start":{"line":28,"column":0},"end":{"line":28,"column":43}},"28":{"start":{"line":29,"column":0},"end":{"line":29,"column":19}},"29":{"start":{"line":30,"column":0},"end":{"line":30,"column":37}},"30":{"start":{"line":31,"column":0},"end":{"line":31,"column":3}},"31":{"start":{"line":32,"column":0},"end":{"line":32,"column":2}},"32":{"start":{"line":33,"column":0},"end":{"line":33,"column":2}}},"s":{"0":1,"1":1,"2":1,"3":1,"4":1,"5":1,"6":15,"7":15,"8":15,"9":1,"10":15,"11":15,"12":15,"13":1,"14":1,"15":12,"16":15,"17":1,"18":1,"19":5,"20":15,"21":1,"22":1,"23":4,"24":15,"25":1,"26":1,"27":15,"28":15,"29":8,"30":8,"31":15,"32":1},"branchMap":{"0":{"type":"branch","line":6,"loc":{"start":{"line":6,"column":1},"end":{"line":9,"column":2}},"locations":[{"start":{"line":6,"column":1},"end":{"line":9,"column":2}}]},"1":{"type":"branch","line":10,"loc":{"start":{"line":10,"column":12},"end":{"line":32,"column":2}},"locations":[{"start":{"line":10,"column":12},"end":{"line":32,"column":2}}]},"2":{"type":"branch","line":13,"loc":{"start":{"line":13,"column":15},"end":{"line":15,"column":4}},"locations":[{"start":{"line":13,"column":15},"end":{"line":15,"column":4}}]},"3":{"type":"branch","line":16,"loc":{"start":{"line":16,"column":-2},"end":{"line":17,"column":7}},"locations":[{"start":{"line":16,"column":-2},"end":{"line":17,"column":7}}]},"4":{"type":"branch","line":17,"loc":{"start":{"line":17,"column":44},"end":{"line":19,"column":4}},"locations":[{"start":{"line":17,"column":44},"end":{"line":19,"column":4}}]},"5":{"type":"branch","line":20,"loc":{"start":{"line":20,"column":-2},"end":{"line":21,"column":7}},"locations":[{"start":{"line":20,"column":-2},"end":{"line":21,"column":7}}]},"6":{"type":"branch","line":21,"loc":{"start":{"line":21,"column":18},"end":{"line":23,"column":4}},"locations":[{"start":{"line":21,"column":18},"end":{"line":23,"column":4}}]},"7":{"type":"branch","line":24,"loc":{"start":{"line":24,"column":-2},"end":{"line":25,"column":7}},"locations":[{"start":{"line":24,"column":-2},"end":{"line":25,"column":7}}]},"8":{"type":"branch","line":25,"loc":{"start":{"line":25,"column":21},"end":{"line":27,"column":4}},"locations":[{"start":{"line":25,"column":21},"end":{"line":27,"column":4}}]},"9":{"type":"branch","line":29,"loc":{"start":{"line":29,"column":4},"end":{"line":31,"column":3}},"locations":[{"start":{"line":29,"column":4},"end":{"line":31,"column":3}}]}},"b":{"0":[15],"1":[15],"2":[1],"3":[12],"4":[1],"5":[5],"6":[1],"7":[4],"8":[1],"9":[8]},"fnMap":{"0":{"name":"LoginRouter","decl":{"start":{"line":6,"column":1},"end":{"line":9,"column":2}},"loc":{"start":{"line":6,"column":1},"end":{"line":9,"column":2}},"line":6},"1":{"name":"route","decl":{"start":{"line":10,"column":12},"end":{"line":32,"column":2}},"loc":{"start":{"line":10,"column":12},"end":{"line":32,"column":2}},"line":10}},"f":{"0":15,"1":15}}
}
