TN:
SF:src\presentation\helpers\http-response.js
FN:4,badRequest
FN:10,serverError
FN:15,unauthorizedError
FNF:3
FNH:3
FNDA:2,badRequest
FNDA:4,serverError
FNDA:2,unauthorizedError
DA:1,1
DA:2,1
DA:3,1
DA:4,1
DA:5,2
DA:6,2
DA:7,2
DA:8,2
DA:9,2
DA:10,1
DA:11,4
DA:12,4
DA:13,4
DA:14,4
DA:15,1
DA:16,2
DA:17,2
DA:18,2
DA:19,2
DA:20,2
DA:21,1
LF:21
LH:21
BRDA:4,0,0,2
BRDA:10,1,0,4
BRDA:15,2,0,2
BRF:3
BRH:3
end_of_record
TN:
SF:src\presentation\helpers\missing-param-error.js
FN:2,MissingParamError
FNF:1
FNH:1
FNDA:4,MissingParamError
DA:1,1
DA:2,1
DA:3,4
DA:4,4
DA:5,4
DA:6,1
LF:6
LH:6
BRDA:2,0,0,4
BRF:1
BRH:1
end_of_record
TN:
SF:src\presentation\helpers\unauthorized-error.js
FN:2,UnauthorizedError
FNF:1
FNH:1
FNDA:3,UnauthorizedError
DA:1,1
DA:2,1
DA:3,3
DA:4,3
DA:5,3
DA:6,1
LF:6
LH:6
BRDA:2,0,0,3
BRF:1
BRH:1
end_of_record
TN:
SF:src\presentation\routers\login-router.js
FN:3,LoginRouter
FN:6,route
FNF:2
FNH:2
FNDA:8,LoginRouter
FNDA:8,route
DA:1,1
DA:2,1
DA:3,1
DA:4,8
DA:5,8
DA:6,1
DA:7,8
DA:8,8
DA:9,5
DA:10,5
DA:11,5
DA:12,8
DA:13,4
DA:14,4
DA:15,4
DA:16,8
DA:17,1
DA:18,1
DA:19,8
DA:20,1
DA:21,1
DA:22,2
DA:23,2
DA:24,2
DA:25,1
LF:25
LH:25
BRDA:3,0,0,8
BRDA:6,1,0,8
BRDA:8,2,0,7
BRDA:8,3,0,6
BRDA:8,4,0,5
BRDA:12,5,0,4
BRDA:16,6,0,1
BRDA:19,7,0,3
BRDA:19,8,0,1
BRDA:22,9,0,2
BRF:10
BRH:10
end_of_record
